<?xml version="1.0" encoding="UTF-8"?>
<!-- Generated by org.testng.reporters.JUnitXMLReporter -->
<testsuite ignored="0" hostname="DESKTOP-MC7UQM0" failures="0" tests="4" name="Default test" time="51.694" errors="0" timestamp="2022-02-17T12:19:21 IST">
  <testcase classname="testclass.demofirsttest" name="elementlist" time="4.222"/>
  <testcase classname="testclass.demofirsttest" name="textvalidate" time="6.282"/>
  <testcase classname="testclass.demofirsttest" name="assertText" time="0.02"/>
  <testcase classname="testclass.demofirsttest" name="checkBox" time="9.206"/>
</testsuite> <!-- Default test -->
