<?xml version="1.0" encoding="UTF-8"?>
<!-- Generated by org.testng.reporters.JUnitXMLReporter -->
<testsuite ignored="0" hostname="DESKTOP-MC7UQM0" failures="0" tests="3" name="Default test" time="1.564" errors="0" timestamp="2022-01-10T21:08:21 IST">
  <testcase classname="files.DynamicJson" name="addBook" time="1.3"/>
  <testcase classname="files.DynamicJson" name="addBook" time="0.132"/>
  <testcase classname="files.DynamicJson" name="addBook" time="0.106"/>
</testsuite> <!-- Default test -->
