<?xml version="1.0" encoding="UTF-8"?>
<testng-results ignored="0" total="1" passed="1" failed="0" skipped="0">
  <reporter-output>
  </reporter-output>
  <suite started-at="2022-11-07T10:29:29Z" name="Default suite" finished-at="2022-11-07T10:29:47Z" duration-ms="17987">
    <groups>
      <group name="cucumber">
        <method signature="AbstractTestNGCucumberTests.runScenario(cucumber.api.testng.PickleEventWrapper, cucumber.api.testng.CucumberFeatureWrapper)[pri:0, instance:testRunner.Runner@4a003cbe]" name="runScenario" class="cucumber.api.testng.AbstractTestNGCucumberTests"/>
      </group> <!-- cucumber -->
    </groups>
    <test started-at="2022-11-07T10:29:29Z" name="Default test" finished-at="2022-11-07T10:29:47Z" duration-ms="17987">
      <class name="testRunner.Runner">
        <test-method is-config="true" signature="setUpClass()[pri:0, instance:testRunner.Runner@4a003cbe]" started-at="2022-11-07T10:29:29Z" name="setUpClass" finished-at="2022-11-07T10:29:29Z" duration-ms="99" status="PASS">
          <reporter-output>
          </reporter-output>
        </test-method> <!-- setUpClass -->
        <test-method signature="runScenario(cucumber.api.testng.PickleEventWrapper, cucumber.api.testng.CucumberFeatureWrapper)[pri:0, instance:testRunner.Runner@4a003cbe]" started-at="2022-11-07T10:29:29Z" name="runScenario" description="Runs Cucumber Scenarios" data-provider="scenarios" finished-at="2022-11-07T10:29:47Z" duration-ms="17792" status="PASS">
          <params>
            <param index="0">
              <value>
                <![CDATA["Bookcart Application Positive Testing"]]>
              </value>
            </param>
            <param index="1">
              <value>
                <![CDATA["Bookcart Application Testing"]]>
              </value>
            </param>
          </params>
          <reporter-output>
          </reporter-output>
        </test-method> <!-- runScenario -->
        <test-method is-config="true" signature="tearDownClass()[pri:0, instance:testRunner.Runner@4a003cbe]" started-at="2022-11-07T10:29:47Z" name="tearDownClass" finished-at="2022-11-07T10:29:47Z" duration-ms="57" status="PASS">
          <reporter-output>
          </reporter-output>
        </test-method> <!-- tearDownClass -->
      </class> <!-- testRunner.Runner -->
    </test> <!-- Default test -->
  </suite> <!-- Default suite -->
</testng-results>
