<?xml version="1.0" encoding="UTF-8"?>
<testng-results ignored="0" total="4" passed="4" failed="0" skipped="0">
  <reporter-output>
  </reporter-output>
  <suite started-at="2022-02-17T12:18:29 IST" name="Default suite" finished-at="2022-02-17T12:19:21 IST" duration-ms="51694">
    <groups>
    </groups>
    <test started-at="2022-02-17T12:18:29 IST" name="Default test" finished-at="2022-02-17T12:19:21 IST" duration-ms="51694">
      <class name="testclass.demofirsttest">
        <test-method is-config="true" signature="open()[pri:0, instance:testclass.demofirsttest@2b662a77]" started-at="2022-02-17T12:18:29 IST" name="open" finished-at="2022-02-17T12:19:01 IST" duration-ms="31941" status="PASS">
          <reporter-output>
          </reporter-output>
        </test-method> <!-- open -->
        <test-method signature="elementlist()[pri:0, instance:testclass.demofirsttest@2b662a77]" started-at="2022-02-17T12:19:01 IST" name="elementlist" finished-at="2022-02-17T12:19:05 IST" duration-ms="4222" status="PASS">
          <reporter-output>
          </reporter-output>
        </test-method> <!-- elementlist -->
        <test-method signature="textvalidate()[pri:1, instance:testclass.demofirsttest@2b662a77]" started-at="2022-02-17T12:19:05 IST" name="textvalidate" finished-at="2022-02-17T12:19:12 IST" duration-ms="6282" status="PASS">
          <reporter-output>
          </reporter-output>
        </test-method> <!-- textvalidate -->
        <test-method signature="assertText()[pri:2, instance:testclass.demofirsttest@2b662a77]" started-at="2022-02-17T12:19:12 IST" name="assertText" finished-at="2022-02-17T12:19:12 IST" duration-ms="20" status="PASS">
          <reporter-output>
          </reporter-output>
        </test-method> <!-- assertText -->
        <test-method signature="checkBox()[pri:3, instance:testclass.demofirsttest@2b662a77]" started-at="2022-02-17T12:19:12 IST" name="checkBox" finished-at="2022-02-17T12:19:21 IST" duration-ms="9206" status="PASS">
          <reporter-output>
          </reporter-output>
        </test-method> <!-- checkBox -->
        <test-method is-config="true" signature="tearDown()[pri:0, instance:testclass.demofirsttest@2b662a77]" started-at="2022-02-17T12:19:21 IST" name="tearDown" finished-at="2022-02-17T12:19:21 IST" duration-ms="1" status="PASS">
          <reporter-output>
          </reporter-output>
        </test-method> <!-- tearDown -->
      </class> <!-- testclass.demofirsttest -->
    </test> <!-- Default test -->
  </suite> <!-- Default suite -->
</testng-results>
