<?xml version="1.0" encoding="UTF-8"?>
<testng-results ignored="0" total="3" passed="3" failed="0" skipped="0">
  <reporter-output>
  </reporter-output>
  <suite started-at="2022-01-10T21:08:19 IST" name="Default suite" finished-at="2022-01-10T21:08:21 IST" duration-ms="1564">
    <groups>
    </groups>
    <test started-at="2022-01-10T21:08:19 IST" name="Default test" finished-at="2022-01-10T21:08:21 IST" duration-ms="1564">
      <class name="files.DynamicJson">
        <test-method signature="addBook(java.lang.String,java.lang.String)[pri:0, instance:files.DynamicJson@433d61fb]" started-at="2022-01-10T21:08:19 IST" name="addBook" data-provider="BooksData" finished-at="2022-01-10T21:08:21 IST" duration-ms="1300" status="PASS">
          <params>
            <param index="0">
              <value>
                <![CDATA[wergssw]]>
              </value>
            </param>
            <param index="1">
              <value>
                <![CDATA[122312]]>
              </value>
            </param>
          </params>
          <reporter-output>
          </reporter-output>
        </test-method> <!-- addBook -->
        <test-method signature="addBook(java.lang.String,java.lang.String)[pri:0, instance:files.DynamicJson@433d61fb]" started-at="2022-01-10T21:08:21 IST" name="addBook" data-provider="BooksData" finished-at="2022-01-10T21:08:21 IST" duration-ms="132" status="PASS">
          <params>
            <param index="0">
              <value>
                <![CDATA[erswrew]]>
              </value>
            </param>
            <param index="1">
              <value>
                <![CDATA[3423232]]>
              </value>
            </param>
          </params>
          <reporter-output>
          </reporter-output>
        </test-method> <!-- addBook -->
        <test-method signature="addBook(java.lang.String,java.lang.String)[pri:0, instance:files.DynamicJson@433d61fb]" started-at="2022-01-10T21:08:21 IST" name="addBook" data-provider="BooksData" finished-at="2022-01-10T21:08:21 IST" duration-ms="106" status="PASS">
          <params>
            <param index="0">
              <value>
                <![CDATA[sdafds]]>
              </value>
            </param>
            <param index="1">
              <value>
                <![CDATA[4342332]]>
              </value>
            </param>
          </params>
          <reporter-output>
          </reporter-output>
        </test-method> <!-- addBook -->
      </class> <!-- files.DynamicJson -->
    </test> <!-- Default test -->
  </suite> <!-- Default suite -->
</testng-results>
